<?xml version="1.0" encoding="UTF-8"?>
<!-- Generated by org.testng.reporters.JUnitReportReporter -->
<testsuite skipped="0" hostname="KISHOR" name="TestCases.LogInPageTestCase" tests="6" failures="0" timestamp="2022-06-10T21:25:59 IST" time="92.506" errors="0">
  <testcase name="ValidationOnTitleTest" time="31.396" classname="TestCases.LogInPageTestCase"/>
  <system-out/>
  <testcase name="ValidationOnLogoTest" time="6.965" classname="TestCases.LogInPageTestCase"/>
  <system-out/>
  <testcase name="CreateAccountButtonValidation" time="8.452" classname="TestCases.LogInPageTestCase"/>
  <system-out/>
  <testcase name="ValidationButtonForTheForgetPassword" time="10.466" classname="TestCases.LogInPageTestCase"/>
  <system-out/>
  <testcase name="GoToCreteAcPage" time="6.780" classname="TestCases.LogInPageTestCase"/>
  <system-out/>
  <testcase name="ValidationloginPageTest" time="28.447" classname="TestCases.LogInPageTestCase"/>
  <system-out/>
</testsuite> <!-- TestCases.LogInPageTestCase -->
