<?xml version="1.0" encoding="UTF-8"?>
<!-- Generated by org.testng.reporters.JUnitReportReporter -->
<testsuite skipped="0" hostname="KISHOR" name="LogInWishUp.LogInWishUpTo" tests="4" failures="0" timestamp="2022-06-13T11:34:16 IST" time="74.064" errors="0">
  <testcase name="loginPageTest1" time="21.484" classname="LogInWishUp.LogInWishUpTo"/>
  <system-out/>
  <testcase name="loginPageTest1" time="19.509" classname="LogInWishUp.LogInWishUpTo"/>
  <system-out/>
  <testcase name="loginPageTest1" time="12.326" classname="LogInWishUp.LogInWishUpTo"/>
  <system-out/>
  <testcase name="loginPageTest1" time="20.745" classname="LogInWishUp.LogInWishUpTo"/>
  <system-out/>
</testsuite> <!-- LogInWishUp.LogInWishUpTo -->
